c:\users\alexi\documents\programacionfcfm\estdat\estdat\x64\debug\vc143.pdb
c:\users\alexi\documents\programacionfcfm\estdat\estdat\x64\debug\vc143.idb
c:\users\alexi\documents\programacionfcfm\estdat\estdat\x64\debug\estdat.obj
c:\users\alexi\documents\programacionfcfm\estdat\x64\debug\estdat.exe
c:\users\alexi\documents\programacionfcfm\estdat\x64\debug\estdat.pdb
c:\users\alexi\documents\programacionfcfm\estdat\estdat\x64\debug\estdat.res
c:\users\alexi\documents\programacionfcfm\estdat\estdat\x64\debug\estdat.ilk
c:\users\alexi\documents\programacionfcfm\estdat\estdat\x64\debug\boletos.obj
c:\users\alexi\documents\programacionfcfm\estdat\estdat\x64\debug\estdat.obj.enc
c:\users\alexi\documents\programacionfcfm\estdat\estdat\x64\debug\estdat.tlog\cl.command.1.tlog
c:\users\alexi\documents\programacionfcfm\estdat\estdat\x64\debug\estdat.tlog\cl.items.tlog
c:\users\alexi\documents\programacionfcfm\estdat\estdat\x64\debug\estdat.tlog\cl.read.1.tlog
c:\users\alexi\documents\programacionfcfm\estdat\estdat\x64\debug\estdat.tlog\cl.write.1.tlog
c:\users\alexi\documents\programacionfcfm\estdat\estdat\x64\debug\estdat.tlog\link.command.1.tlog
c:\users\alexi\documents\programacionfcfm\estdat\estdat\x64\debug\estdat.tlog\link.read.1.tlog
c:\users\alexi\documents\programacionfcfm\estdat\estdat\x64\debug\estdat.tlog\link.secondary.1.tlog
c:\users\alexi\documents\programacionfcfm\estdat\estdat\x64\debug\estdat.tlog\link.write.1.tlog
c:\users\alexi\documents\programacionfcfm\estdat\estdat\x64\debug\estdat.tlog\rc.command.1.tlog
c:\users\alexi\documents\programacionfcfm\estdat\estdat\x64\debug\estdat.tlog\rc.read.1.tlog
c:\users\alexi\documents\programacionfcfm\estdat\estdat\x64\debug\estdat.tlog\rc.write.1.tlog
